<?xml version="1.0" encoding="UTF-8"?>
<!-- Generated by org.testng.reporters.JUnitReportReporter -->
<testsuite skipped="0" hostname="WIN-B9NBOHK3KDG" name="Rest_Project.Project" tests="5" failures="0" timestamp="16 Mar 2022 03:57:26 GMT" time="7.894" errors="0">
  <testcase name="DeleteUser" time="1.295" classname="Rest_Project.Project"/>
  <testcase name="LogoutUser" time="1.270" classname="Rest_Project.Project"/>
  <testcase name="LoginUser" time="1.444" classname="Rest_Project.Project"/>
  <testcase name="CreateUser" time="2.641" classname="Rest_Project.Project"/>
  <testcase name="ModifyUser" time="1.244" classname="Rest_Project.Project"/>
</testsuite> <!-- Rest_Project.Project -->
